{"C:\\Users\\alday\\Desktop\\TECNOLOGIAS DE DESARROLLO EN EL SERVIDOR\\proyecto_servidores\\src\\controllers\\users.controllers.ts": {"path":"C:\\Users\\alday\\Desktop\\TECNOLOGIAS DE DESARROLLO EN EL SERVIDOR\\proyecto_servidores\\src\\controllers\\users.controllers.ts","all":false,"statementMap":{"0":{"start":{"line":1,"column":0},"end":{"line":1,"column":42}},"1":{"start":{"line":2,"column":0},"end":{"line":2,"column":44}},"2":{"start":{"line":3,"column":0},"end":{"line":3,"column":59}},"3":{"start":{"line":4,"column":0},"end":{"line":4,"column":50}},"4":{"start":{"line":5,"column":0},"end":{"line":5,"column":40}},"5":{"start":{"line":6,"column":0},"end":{"line":6,"column":0}},"6":{"start":{"line":7,"column":0},"end":{"line":7,"column":30}},"7":{"start":{"line":8,"column":0},"end":{"line":8,"column":41}},"8":{"start":{"line":9,"column":0},"end":{"line":9,"column":18}},"9":{"start":{"line":10,"column":0},"end":{"line":10,"column":26}},"10":{"start":{"line":11,"column":0},"end":{"line":11,"column":28}},"11":{"start":{"line":12,"column":0},"end":{"line":12,"column":34}},"12":{"start":{"line":13,"column":0},"end":{"line":13,"column":26}},"13":{"start":{"line":14,"column":0},"end":{"line":14,"column":6}},"14":{"start":{"line":15,"column":0},"end":{"line":15,"column":0}},"15":{"start":{"line":16,"column":0},"end":{"line":16,"column":21}},"16":{"start":{"line":17,"column":0},"end":{"line":17,"column":27}},"17":{"start":{"line":18,"column":0},"end":{"line":18,"column":59}},"18":{"start":{"line":19,"column":0},"end":{"line":19,"column":8}},"19":{"start":{"line":20,"column":0},"end":{"line":20,"column":28}},"20":{"start":{"line":21,"column":0},"end":{"line":21,"column":82}},"21":{"start":{"line":22,"column":0},"end":{"line":22,"column":9}},"22":{"start":{"line":23,"column":0},"end":{"line":23,"column":3}},"23":{"start":{"line":24,"column":0},"end":{"line":24,"column":0}},"24":{"start":{"line":25,"column":0},"end":{"line":25,"column":38}},"25":{"start":{"line":26,"column":0},"end":{"line":26,"column":18}},"26":{"start":{"line":27,"column":0},"end":{"line":27,"column":28}},"27":{"start":{"line":28,"column":0},"end":{"line":28,"column":34}},"28":{"start":{"line":29,"column":0},"end":{"line":29,"column":6}},"29":{"start":{"line":30,"column":0},"end":{"line":30,"column":22}},"30":{"start":{"line":31,"column":0},"end":{"line":31,"column":27}},"31":{"start":{"line":32,"column":0},"end":{"line":32,"column":31}},"32":{"start":{"line":33,"column":0},"end":{"line":33,"column":56}},"33":{"start":{"line":34,"column":0},"end":{"line":34,"column":9}},"34":{"start":{"line":35,"column":0},"end":{"line":35,"column":27}},"35":{"start":{"line":36,"column":0},"end":{"line":36,"column":30}},"36":{"start":{"line":37,"column":0},"end":{"line":37,"column":32}},"37":{"start":{"line":38,"column":0},"end":{"line":38,"column":10}},"38":{"start":{"line":39,"column":0},"end":{"line":39,"column":47}},"39":{"start":{"line":40,"column":0},"end":{"line":40,"column":28}},"40":{"start":{"line":41,"column":0},"end":{"line":41,"column":60}},"41":{"start":{"line":42,"column":0},"end":{"line":42,"column":8}},"42":{"start":{"line":43,"column":0},"end":{"line":43,"column":21}},"43":{"start":{"line":44,"column":0},"end":{"line":44,"column":83}},"44":{"start":{"line":45,"column":0},"end":{"line":45,"column":9}},"45":{"start":{"line":46,"column":0},"end":{"line":46,"column":3}},"46":{"start":{"line":47,"column":0},"end":{"line":47,"column":1}}},"s":{"0":1,"1":1,"2":1,"3":1,"4":1,"5":1,"6":1,"7":1,"8":4,"9":4,"10":4,"11":4,"12":4,"13":4,"14":4,"15":4,"16":4,"17":1,"18":4,"19":4,"20":3,"21":4,"22":4,"23":1,"24":1,"25":2,"26":2,"27":2,"28":2,"29":2,"30":2,"31":1,"32":0,"33":0,"34":1,"35":1,"36":1,"37":1,"38":1,"39":1,"40":1,"41":2,"42":2,"43":1,"44":2,"45":2,"46":1},"branchMap":{"0":{"type":"branch","line":8,"loc":{"start":{"line":8,"column":2},"end":{"line":23,"column":3}},"locations":[{"start":{"line":8,"column":2},"end":{"line":23,"column":3}}]},"1":{"type":"branch","line":17,"loc":{"start":{"line":17,"column":12},"end":{"line":19,"column":7}},"locations":[{"start":{"line":17,"column":12},"end":{"line":19,"column":7}}]},"2":{"type":"branch","line":20,"loc":{"start":{"line":20,"column":13},"end":{"line":22,"column":7}},"locations":[{"start":{"line":20,"column":13},"end":{"line":22,"column":7}}]},"3":{"type":"branch","line":25,"loc":{"start":{"line":25,"column":2},"end":{"line":46,"column":3}},"locations":[{"start":{"line":25,"column":2},"end":{"line":46,"column":3}}]},"4":{"type":"branch","line":31,"loc":{"start":{"line":31,"column":12},"end":{"line":42,"column":7}},"locations":[{"start":{"line":31,"column":12},"end":{"line":42,"column":7}}]},"5":{"type":"branch","line":32,"loc":{"start":{"line":32,"column":30},"end":{"line":34,"column":9}},"locations":[{"start":{"line":32,"column":30},"end":{"line":34,"column":9}}]},"6":{"type":"branch","line":43,"loc":{"start":{"line":43,"column":13},"end":{"line":45,"column":7}},"locations":[{"start":{"line":43,"column":13},"end":{"line":45,"column":7}}]}},"b":{"0":[4],"1":[1],"2":[3],"3":[2],"4":[1],"5":[0],"6":[1]},"fnMap":{"0":{"name":"register","decl":{"start":{"line":8,"column":2},"end":{"line":23,"column":3}},"loc":{"start":{"line":8,"column":2},"end":{"line":23,"column":3}},"line":8},"1":{"name":"login","decl":{"start":{"line":25,"column":2},"end":{"line":46,"column":3}},"loc":{"start":{"line":25,"column":2},"end":{"line":46,"column":3}},"line":25}},"f":{"0":4,"1":2}}
,"C:\\Users\\alday\\Desktop\\TECNOLOGIAS DE DESARROLLO EN EL SERVIDOR\\proyecto_servidores\\src\\utils\\response_status.ts": {"path":"C:\\Users\\alday\\Desktop\\TECNOLOGIAS DE DESARROLLO EN EL SERVIDOR\\proyecto_servidores\\src\\utils\\response_status.ts","all":false,"statementMap":{"0":{"start":{"line":1,"column":0},"end":{"line":1,"column":32}},"1":{"start":{"line":2,"column":0},"end":{"line":2,"column":17}},"2":{"start":{"line":3,"column":0},"end":{"line":3,"column":17}},"3":{"start":{"line":4,"column":0},"end":{"line":4,"column":21}},"4":{"start":{"line":5,"column":0},"end":{"line":5,"column":22}},"5":{"start":{"line":6,"column":0},"end":{"line":6,"column":19}},"6":{"start":{"line":7,"column":0},"end":{"line":7,"column":19}},"7":{"start":{"line":8,"column":0},"end":{"line":8,"column":2}}},"s":{"0":1,"1":1,"2":1,"3":1,"4":1,"5":1,"6":1,"7":1},"branchMap":{},"b":{},"fnMap":{},"f":{}}
}
