TN:
SF:src\controllers\users.controllers.ts
FN:9,register
FN:26,login
FNF:2
FNH:2
FNDA:4,register
FNDA:3,login
DA:1,1
DA:2,1
DA:3,1
DA:4,1
DA:5,1
DA:6,1
DA:7,1
DA:8,1
DA:9,1
DA:10,4
DA:11,4
DA:12,4
DA:13,4
DA:14,4
DA:15,4
DA:16,4
DA:17,4
DA:18,4
DA:19,1
DA:20,4
DA:21,4
DA:22,3
DA:23,4
DA:24,4
DA:25,1
DA:26,1
DA:27,3
DA:28,3
DA:29,3
DA:30,3
DA:31,3
DA:32,3
DA:33,2
DA:34,1
DA:35,1
DA:36,1
DA:37,1
DA:38,1
DA:39,1
DA:40,1
DA:41,1
DA:42,3
DA:43,3
DA:44,3
DA:45,3
DA:46,3
DA:47,1
LF:47
LH:47
BRDA:9,0,0,4
BRDA:18,1,0,1
BRDA:21,2,0,3
BRDA:26,3,0,3
BRDA:32,4,0,2
BRDA:33,5,0,1
BRDA:43,6,0,3
BRF:7
BRH:7
end_of_record
TN:
SF:src\utils\hash_password.ts
FN:3,hashPassword
FNF:1
FNH:1
FNDA:7,hashPassword
DA:1,1
DA:2,1
DA:3,7
DA:4,7
DA:5,7
DA:6,7
LF:6
LH:6
BRDA:3,0,0,7
BRF:1
BRH:1
end_of_record
TN:
SF:src\utils\response_status.ts
FNF:0
FNH:0
DA:1,1
DA:2,1
DA:3,1
DA:4,1
DA:5,1
DA:6,1
DA:7,1
DA:8,1
LF:8
LH:8
BRF:0
BRH:0
end_of_record
